<?xml version="1.0" encoding="UTF-8"?>
<!-- Generated by org.testng.reporters.JUnitReportReporter -->
<testsuite hostname="BMANCHADA-IND" failures="0" tests="1" name="PS2" time="0.014" errors="0" timestamp="2023-12-21T14:54:43 IST" skipped="0">
  <testcase classname="PS2" name="testRun" time="0.014"/>
</testsuite> <!-- PS2 -->
